<?xml version="1.0" encoding="UTF-8"?>
<testsuites name="jest tests" tests="2" failures="0" errors="0" time="0.191">
  <testsuite name="" errors="0" failures="0" skipped="0" timestamp="2023-03-07T22:24:40" time="0.184" tests="2">
    <testcase classname=" Funkcja setStudentName zwraca zmienionych studentow" name=" Funkcja setStudentName zwraca zmienionych studentow" time="0.001">
    </testcase>
    <testcase classname=" Funkcja addStudent zwraca zmienionych studentow" name=" Funkcja addStudent zwraca zmienionych studentow" time="0">
    </testcase>
  </testsuite>
</testsuites>