<?xml version="1.0" encoding="UTF-8"?>
<testsuites name="jest tests" tests="2" failures="0" errors="0" time="0.178">
  <testsuite name="" errors="0" failures="0" skipped="0" timestamp="2023-03-07T21:47:08" time="0.175" tests="2">
    <testcase classname=" Funkcja setStudentName zwraca zmienionych studentow" name=" Funkcja setStudentName zwraca zmienionych studentow" time="0.002">
    </testcase>
    <testcase classname=" Funkcja addStudent zwraca zmienionych studentow" name=" Funkcja addStudent zwraca zmienionych studentow" time="0">
    </testcase>
  </testsuite>
</testsuites>